{"/Users/sagarsodah/sagar/practice/ts/ts-endpoint/src/app.ts": {"path":"/Users/sagarsodah/sagar/practice/ts/ts-endpoint/src/app.ts","statementMap":{"0":{"start":{"line":1,"column":0},"end":{"line":1,"column":35}},"1":{"start":{"line":2,"column":0},"end":{"line":2,"column":33}},"2":{"start":{"line":3,"column":0},"end":{"line":3,"column":28}},"3":{"start":{"line":4,"column":0},"end":{"line":4,"column":36}},"4":{"start":{"line":5,"column":0},"end":{"line":5,"column":47}},"5":{"start":{"line":6,"column":0},"end":{"line":6,"column":32}},"6":{"start":{"line":7,"column":0},"end":{"line":7,"column":39}},"7":{"start":{"line":13,"column":13},"end":{"line":13,"column":45}},"8":{"start":{"line":14,"column":13},"end":{"line":14,"column":31}},"9":{"start":{"line":16,"column":0},"end":{"line":16,"column":63}},"10":{"start":{"line":18,"column":13},"end":{"line":18,"column":117}},"11":{"start":{"line":20,"column":0},"end":{"line":20,"column":34}},"12":{"start":{"line":24,"column":12},"end":{"line":24,"column":45}},"13":{"start":{"line":27,"column":8},"end":{"line":27,"column":33}},"14":{"start":{"line":29,"column":8},"end":{"line":29,"column":35}},"15":{"start":{"line":30,"column":8},"end":{"line":30,"column":90}},"16":{"start":{"line":31,"column":8},"end":{"line":31,"column":41}},"17":{"start":{"line":32,"column":8},"end":{"line":32,"column":33}},"18":{"start":{"line":34,"column":8},"end":{"line":34,"column":43}},"19":{"start":{"line":36,"column":8},"end":{"line":36,"column":30}},"20":{"start":{"line":38,"column":8},"end":{"line":38,"column":37}},"21":{"start":{"line":39,"column":8},"end":{"line":41,"column":11}},"22":{"start":{"line":40,"column":12},"end":{"line":40,"column":36}},"23":{"start":{"line":43,"column":8},"end":{"line":43,"column":41}},"24":{"start":{"line":45,"column":32},"end":{"line":45,"column":58}},"25":{"start":{"line":46,"column":8},"end":{"line":46,"column":88}},"26":{"start":{"line":50,"column":8},"end":{"line":61,"column":null}},"27":{"start":{"line":51,"column":22},"end":{"line":51,"column":36}},"28":{"start":{"line":52,"column":12},"end":{"line":56,"column":15}},"29":{"start":{"line":57,"column":12},"end":{"line":57,"column":45}},"30":{"start":{"line":59,"column":12},"end":{"line":59,"column":31}},"31":{"start":{"line":60,"column":12},"end":{"line":60,"column":47}},"32":{"start":{"line":65,"column":8},"end":{"line":73,"column":11}},"33":{"start":{"line":66,"column":38},"end":{"line":70,"column":14}},"34":{"start":{"line":71,"column":12},"end":{"line":71,"column":45}},"35":{"start":{"line":72,"column":12},"end":{"line":72,"column":19}},"36":{"start":{"line":77,"column":0},"end":{"line":77,"column":33}}},"fnMap":{"0":{"name":"(anonymous_0)","decl":{"start":{"line":26,"column":4},"end":{"line":26,"column":null}},"loc":{"start":{"line":26,"column":4},"end":{"line":47,"column":5}}},"1":{"name":"(anonymous_1)","decl":{"start":{"line":39,"column":34},"end":{"line":39,"column":35}},"loc":{"start":{"line":39,"column":47},"end":{"line":41,"column":9}}},"2":{"name":"(anonymous_2)","decl":{"start":{"line":49,"column":12},"end":{"line":49,"column":17}},"loc":{"start":{"line":49,"column":32},"end":{"line":62,"column":5}}},"3":{"name":"(anonymous_3)","decl":{"start":{"line":64,"column":12},"end":{"line":64,"column":37}},"loc":{"start":{"line":64,"column":37},"end":{"line":74,"column":5}}},"4":{"name":"(anonymous_4)","decl":{"start":{"line":65,"column":25},"end":{"line":65,"column":26}},"loc":{"start":{"line":65,"column":112},"end":{"line":73,"column":9}}}},"branchMap":{"0":{"loc":{"start":{"line":16,"column":23},"end":{"line":16,"column":43}},"type":"binary-expr","locations":[{"start":{"line":16,"column":23},"end":{"line":16,"column":43}},{"start":{"line":16,"column":47},"end":{"line":16,"column":62}}]},"1":{"loc":{"start":{"line":67,"column":22},"end":{"line":67,"column":32}},"type":"binary-expr","locations":[{"start":{"line":67,"column":22},"end":{"line":67,"column":32}},{"start":{"line":67,"column":36},"end":{"line":67,"column":39}}]},"2":{"loc":{"start":{"line":68,"column":21},"end":{"line":68,"column":28}},"type":"binary-expr","locations":[{"start":{"line":68,"column":21},"end":{"line":68,"column":28}},{"start":{"line":68,"column":32},"end":{"line":68,"column":55}}]}},"s":{"0":1,"1":1,"2":1,"3":1,"4":1,"5":1,"6":1,"7":1,"8":1,"9":1,"10":1,"11":1,"12":1,"13":1,"14":1,"15":1,"16":1,"17":1,"18":1,"19":1,"20":1,"21":1,"22":1,"23":1,"24":1,"25":1,"26":1,"27":1,"28":1,"29":1,"30":0,"31":0,"32":1,"33":0,"34":0,"35":0,"36":1},"f":{"0":1,"1":1,"2":1,"3":1,"4":0},"b":{"0":[1,0],"1":[0,0],"2":[0,0]}}
,"/Users/sagarsodah/sagar/practice/ts/ts-endpoint/src/routes.ts": {"path":"/Users/sagarsodah/sagar/practice/ts/ts-endpoint/src/routes.ts","statementMap":{"0":{"start":{"line":4,"column":0},"end":{"line":4,"column":138}},"1":{"start":{"line":6,"column":0},"end":{"line":6,"column":59}},"2":{"start":{"line":11,"column":33},"end":{"line":43,"column":2}},"3":{"start":{"line":44,"column":26},"end":{"line":44,"column":55}},"4":{"start":{"line":53,"column":8},"end":{"line":74,"column":11}},"5":{"start":{"line":56,"column":25},"end":{"line":58,"column":14}},"6":{"start":{"line":62,"column":39},"end":{"line":62,"column":41}},"7":{"start":{"line":63,"column":12},"end":{"line":67,"column":null}},"8":{"start":{"line":64,"column":16},"end":{"line":64,"column":74}},"9":{"start":{"line":66,"column":16},"end":{"line":66,"column":33}},"10":{"start":{"line":69,"column":31},"end":{"line":69,"column":52}},"11":{"start":{"line":72,"column":28},"end":{"line":72,"column":87}},"12":{"start":{"line":73,"column":12},"end":{"line":73,"column":75}},"13":{"start":{"line":83,"column":8},"end":{"line":83,"column":88}},"14":{"start":{"line":87,"column":8},"end":{"line":100,"column":48}},"15":{"start":{"line":89,"column":33},"end":{"line":89,"column":46}},"16":{"start":{"line":91,"column":16},"end":{"line":94,"column":null}},"17":{"start":{"line":92,"column":20},"end":{"line":92,"column":57}},"18":{"start":{"line":93,"column":20},"end":{"line":93,"column":73}},"19":{"start":{"line":98,"column":16},"end":{"line":98,"column":null}},"20":{"start":{"line":100,"column":35},"end":{"line":100,"column":46}},"21":{"start":{"line":106,"column":8},"end":{"line":108,"column":null}},"22":{"start":{"line":107,"column":12},"end":{"line":107,"column":19}},"23":{"start":{"line":109,"column":8},"end":{"line":111,"column":11}},"24":{"start":{"line":110,"column":12},"end":{"line":110,"column":46}},"25":{"start":{"line":112,"column":8},"end":{"line":118,"column":null}},"26":{"start":{"line":113,"column":12},"end":{"line":113,"column":32}},"27":{"start":{"line":114,"column":15},"end":{"line":118,"column":null}},"28":{"start":{"line":115,"column":12},"end":{"line":115,"column":58}},"29":{"start":{"line":117,"column":12},"end":{"line":117,"column":53}},"30":{"start":{"line":124,"column":8},"end":{"line":126,"column":10}},"31":{"start":{"line":125,"column":12},"end":{"line":125,"column":59}},"32":{"start":{"line":132,"column":42},"end":{"line":132,"column":44}},"33":{"start":{"line":133,"column":23},"end":{"line":159,"column":10}},"34":{"start":{"line":134,"column":25},"end":{"line":134,"column":39}},"35":{"start":{"line":135,"column":12},"end":{"line":158,"column":null}},"36":{"start":{"line":137,"column":20},"end":{"line":137,"column":35}},"37":{"start":{"line":139,"column":20},"end":{"line":139,"column":175}},"38":{"start":{"line":141,"column":20},"end":{"line":141,"column":176}},"39":{"start":{"line":143,"column":20},"end":{"line":143,"column":176}},"40":{"start":{"line":145,"column":20},"end":{"line":145,"column":168}},"41":{"start":{"line":147,"column":20},"end":{"line":147,"column":172}},"42":{"start":{"line":149,"column":20},"end":{"line":155,"column":null}},"43":{"start":{"line":150,"column":24},"end":{"line":150,"column":172}},"44":{"start":{"line":151,"column":27},"end":{"line":155,"column":null}},"45":{"start":{"line":152,"column":24},"end":{"line":152,"column":173}},"46":{"start":{"line":154,"column":24},"end":{"line":154,"column":178}},"47":{"start":{"line":157,"column":20},"end":{"line":157,"column":47}},"48":{"start":{"line":161,"column":8},"end":{"line":163,"column":null}},"49":{"start":{"line":162,"column":12},"end":{"line":162,"column":53}},"50":{"start":{"line":164,"column":8},"end":{"line":164,"column":22}},"51":{"start":{"line":48,"column":0},"end":{"line":48,"column":16}}},"fnMap":{"0":{"name":"RegisterRoutes","decl":{"start":{"line":48,"column":16},"end":{"line":48,"column":30}},"loc":{"start":{"line":48,"column":50},"end":{"line":168,"column":1}}},"1":{"name":"StuffController_getStuff","decl":{"start":{"line":55,"column":21},"end":{"line":55,"column":45}},"loc":{"start":{"line":55,"column":84},"end":{"line":74,"column":9}}},"2":{"name":"isController","decl":{"start":{"line":82,"column":13},"end":{"line":82,"column":25}},"loc":{"start":{"line":82,"column":37},"end":{"line":84,"column":5}}},"3":{"name":"promiseHandler","decl":{"start":{"line":86,"column":13},"end":{"line":86,"column":27}},"loc":{"start":{"line":86,"column":106},"end":{"line":101,"column":5}}},"4":{"name":"(anonymous_4)","decl":{"start":{"line":88,"column":18},"end":{"line":88,"column":19}},"loc":{"start":{"line":88,"column":32},"end":{"line":99,"column":13}}},"5":{"name":"(anonymous_5)","decl":{"start":{"line":100,"column":19},"end":{"line":100,"column":20}},"loc":{"start":{"line":100,"column":35},"end":{"line":100,"column":46}}},"6":{"name":"returnHandler","decl":{"start":{"line":105,"column":13},"end":{"line":105,"column":26}},"loc":{"start":{"line":105,"column":92},"end":{"line":119,"column":5}}},"7":{"name":"(anonymous_7)","decl":{"start":{"line":109,"column":37},"end":{"line":109,"column":38}},"loc":{"start":{"line":109,"column":54},"end":{"line":111,"column":9}}},"8":{"name":"responder","decl":{"start":{"line":123,"column":13},"end":{"line":123,"column":22}},"loc":{"start":{"line":123,"column":36},"end":{"line":127,"column":5}}},"9":{"name":"(anonymous_9)","decl":{"start":{"line":124,"column":15},"end":{"line":124,"column":24}},"loc":{"start":{"line":124,"column":45},"end":{"line":126,"column":9}}},"10":{"name":"getValidatedArgs","decl":{"start":{"line":131,"column":13},"end":{"line":131,"column":29}},"loc":{"start":{"line":131,"column":68},"end":{"line":165,"column":5}}},"11":{"name":"(anonymous_11)","decl":{"start":{"line":133,"column":45},"end":{"line":133,"column":46}},"loc":{"start":{"line":133,"column":53},"end":{"line":159,"column":9}}}},"branchMap":{"0":{"loc":{"start":{"line":83,"column":15},"end":{"line":83,"column":37}},"type":"binary-expr","locations":[{"start":{"line":83,"column":15},"end":{"line":83,"column":37}},{"start":{"line":83,"column":41},"end":{"line":83,"column":62}},{"start":{"line":83,"column":66},"end":{"line":83,"column":87}}]},"1":{"loc":{"start":{"line":91,"column":16},"end":{"line":94,"column":null}},"type":"if","locations":[{"start":{"line":91,"column":16},"end":{"line":94,"column":null}},{"start":{"line":91,"column":16},"end":{"line":94,"column":null}}]},"2":{"loc":{"start":{"line":93,"column":33},"end":{"line":93,"column":58}},"type":"binary-expr","locations":[{"start":{"line":93,"column":33},"end":{"line":93,"column":58}},{"start":{"line":93,"column":62},"end":{"line":93,"column":72}}]},"3":{"loc":{"start":{"line":105,"column":90},"end":{"line":105,"column":92}},"type":"default-arg","locations":[{"start":{"line":105,"column":90},"end":{"line":105,"column":92}}]},"4":{"loc":{"start":{"line":106,"column":8},"end":{"line":108,"column":null}},"type":"if","locations":[{"start":{"line":106,"column":8},"end":{"line":108,"column":null}},{"start":{"line":106,"column":8},"end":{"line":108,"column":null}}]},"5":{"loc":{"start":{"line":112,"column":8},"end":{"line":118,"column":null}},"type":"if","locations":[{"start":{"line":112,"column":8},"end":{"line":118,"column":null}},{"start":{"line":112,"column":8},"end":{"line":118,"column":null}}]},"6":{"loc":{"start":{"line":112,"column":12},"end":{"line":112,"column":16}},"type":"binary-expr","locations":[{"start":{"line":112,"column":12},"end":{"line":112,"column":16}},{"start":{"line":112,"column":20},"end":{"line":112,"column":51}},{"start":{"line":112,"column":55},"end":{"line":112,"column":68}},{"start":{"line":112,"column":72},"end":{"line":112,"column":104}}]},"7":{"loc":{"start":{"line":114,"column":15},"end":{"line":118,"column":null}},"type":"if","locations":[{"start":{"line":114,"column":15},"end":{"line":118,"column":null}},{"start":{"line":114,"column":15},"end":{"line":118,"column":null}}]},"8":{"loc":{"start":{"line":114,"column":19},"end":{"line":114,"column":32}},"type":"binary-expr","locations":[{"start":{"line":114,"column":19},"end":{"line":114,"column":32}},{"start":{"line":114,"column":36},"end":{"line":114,"column":54}}]},"9":{"loc":{"start":{"line":115,"column":28},"end":{"line":115,"column":38}},"type":"binary-expr","locations":[{"start":{"line":115,"column":28},"end":{"line":115,"column":38}},{"start":{"line":115,"column":42},"end":{"line":115,"column":45}}]},"10":{"loc":{"start":{"line":117,"column":28},"end":{"line":117,"column":38}},"type":"binary-expr","locations":[{"start":{"line":117,"column":28},"end":{"line":117,"column":38}},{"start":{"line":117,"column":42},"end":{"line":117,"column":45}}]},"11":{"loc":{"start":{"line":136,"column":16},"end":{"line":137,"column":35}},"type":"switch","locations":[{"start":{"line":136,"column":16},"end":{"line":137,"column":35}},{"start":{"line":138,"column":16},"end":{"line":139,"column":175}},{"start":{"line":140,"column":16},"end":{"line":141,"column":176}},{"start":{"line":142,"column":16},"end":{"line":143,"column":176}},{"start":{"line":144,"column":16},"end":{"line":145,"column":168}},{"start":{"line":146,"column":16},"end":{"line":147,"column":172}},{"start":{"line":148,"column":16},"end":{"line":155,"column":null}},{"start":{"line":156,"column":16},"end":{"line":157,"column":47}}]},"12":{"loc":{"start":{"line":149,"column":20},"end":{"line":155,"column":null}},"type":"if","locations":[{"start":{"line":149,"column":20},"end":{"line":155,"column":null}},{"start":{"line":149,"column":20},"end":{"line":155,"column":null}}]},"13":{"loc":{"start":{"line":151,"column":27},"end":{"line":155,"column":null}},"type":"if","locations":[{"start":{"line":151,"column":27},"end":{"line":155,"column":null}},{"start":{"line":151,"column":27},"end":{"line":155,"column":null}}]},"14":{"loc":{"start":{"line":151,"column":31},"end":{"line":151,"column":61}},"type":"binary-expr","locations":[{"start":{"line":151,"column":31},"end":{"line":151,"column":61}},{"start":{"line":151,"column":65},"end":{"line":151,"column":100}}]},"15":{"loc":{"start":{"line":161,"column":8},"end":{"line":163,"column":null}},"type":"if","locations":[{"start":{"line":161,"column":8},"end":{"line":163,"column":null}},{"start":{"line":161,"column":8},"end":{"line":163,"column":null}}]}},"s":{"0":1,"1":1,"2":1,"3":1,"4":1,"5":1,"6":1,"7":1,"8":1,"9":0,"10":1,"11":1,"12":1,"13":1,"14":1,"15":1,"16":1,"17":1,"18":1,"19":1,"20":0,"21":1,"22":0,"23":1,"24":0,"25":1,"26":0,"27":1,"28":1,"29":0,"30":0,"31":0,"32":1,"33":1,"34":1,"35":1,"36":0,"37":0,"38":0,"39":0,"40":1,"41":0,"42":0,"43":0,"44":0,"45":0,"46":0,"47":0,"48":1,"49":0,"50":1,"51":1},"f":{"0":1,"1":1,"2":1,"3":1,"4":1,"5":0,"6":1,"7":0,"8":0,"9":0,"10":1,"11":1},"b":{"0":[1,1,1],"1":[1,0],"2":[1,1],"3":[0],"4":[0,1],"5":[0,1],"6":[1,1,0,0],"7":[1,0],"8":[1,1],"9":[1,1],"10":[0,0],"11":[0,0,0,0,1,0,0,0],"12":[0,0],"13":[0,0],"14":[0,0],"15":[0,1]}}
,"/Users/sagarsodah/sagar/practice/ts/ts-endpoint/src/utils.ts": {"path":"/Users/sagarsodah/sagar/practice/ts/ts-endpoint/src/utils.ts","statementMap":{"0":{"start":{"line":2,"column":20},"end":{"line":2,"column":null}},"1":{"start":{"line":3,"column":20},"end":{"line":3,"column":null}},"2":{"start":{"line":6,"column":8},"end":{"line":6,"column":null}},"3":{"start":{"line":1,"column":0},"end":{"line":1,"column":13}},"4":{"start":{"line":11,"column":20},"end":{"line":11,"column":40}},"5":{"start":{"line":12,"column":20},"end":{"line":12,"column":59}},"6":{"start":{"line":19,"column":8},"end":{"line":19,"column":25}},"7":{"start":{"line":20,"column":8},"end":{"line":20,"column":57}},"8":{"start":{"line":10,"column":0},"end":{"line":10,"column":13}},"9":{"start":{"line":25,"column":20},"end":{"line":25,"column":41}},"10":{"start":{"line":26,"column":20},"end":{"line":26,"column":51}},"11":{"start":{"line":31,"column":8},"end":{"line":31,"column":23}},"12":{"start":{"line":32,"column":8},"end":{"line":32,"column":37}},"13":{"start":{"line":24,"column":0},"end":{"line":24,"column":13}}},"fnMap":{"0":{"name":"(anonymous_0)","decl":{"start":{"line":5,"column":4},"end":{"line":5,"column":16}},"loc":{"start":{"line":5,"column":27},"end":{"line":7,"column":5}}},"1":{"name":"(anonymous_1)","decl":{"start":{"line":15,"column":4},"end":{"line":15,"column":null}},"loc":{"start":{"line":17,"column":52},"end":{"line":21,"column":5}}},"2":{"name":"(anonymous_2)","decl":{"start":{"line":30,"column":4},"end":{"line":30,"column":16}},"loc":{"start":{"line":30,"column":44},"end":{"line":33,"column":5}}}},"branchMap":{"0":{"loc":{"start":{"line":16,"column":23},"end":{"line":16,"column":26}},"type":"default-arg","locations":[{"start":{"line":16,"column":23},"end":{"line":16,"column":26}}]}},"s":{"0":0,"1":0,"2":0,"3":1,"4":0,"5":0,"6":0,"7":0,"8":1,"9":0,"10":0,"11":0,"12":0,"13":1},"f":{"0":0,"1":0,"2":0},"b":{"0":[0]}}
,"/Users/sagarsodah/sagar/practice/ts/ts-endpoint/src/controllers/stuff.ctrl.ts": {"path":"/Users/sagarsodah/sagar/practice/ts/ts-endpoint/src/controllers/stuff.ctrl.ts","statementMap":{"0":{"start":{"line":1,"column":0},"end":{"line":1,"column":56}},"1":{"start":{"line":2,"column":0},"end":{"line":2,"column":55}},"2":{"start":{"line":4,"column":0},"end":{"line":4,"column":34}},"3":{"start":{"line":5,"column":0},"end":{"line":5,"column":38}},"4":{"start":{"line":9,"column":0},"end":{"line":27,"column":null}},"5":{"start":{"line":13,"column":28},"end":{"line":13,"column":40}},"6":{"start":{"line":14,"column":8},"end":{"line":17,"column":null}},"7":{"start":{"line":16,"column":12},"end":{"line":16,"column":null}},"8":{"start":{"line":18,"column":22},"end":{"line":18,"column":58}},"9":{"start":{"line":19,"column":40},"end":{"line":23,"column":null}},"10":{"start":{"line":24,"column":8},"end":{"line":24,"column":null}},"11":{"start":{"line":12,"column":4},"end":{"line":25,"column":null}},"12":{"start":{"line":9,"column":13},"end":{"line":27,"column":null}},"13":{"start":{"line":27,"column":0},"end":{"line":27,"column":null}},"14":{"start":{"line":9,"column":13},"end":{"line":9,"column":28}}},"fnMap":{"0":{"name":"(anonymous_3)","decl":{"start":{"line":9,"column":0},"end":{"line":9,"column":13}},"loc":{"start":{"line":9,"column":0},"end":{"line":27,"column":null}}},"1":{"name":"(anonymous_4)","decl":{"start":{"line":12,"column":11},"end":{"line":12,"column":16}},"loc":{"start":{"line":12,"column":54},"end":{"line":25,"column":5}}}},"branchMap":{"0":{"loc":{"start":{"line":14,"column":8},"end":{"line":17,"column":null}},"type":"if","locations":[{"start":{"line":14,"column":8},"end":{"line":17,"column":null}},{"start":{"line":14,"column":8},"end":{"line":17,"column":null}}]},"1":{"loc":{"start":{"line":14,"column":12},"end":{"line":14,"column":60}},"type":"binary-expr","locations":[{"start":{"line":14,"column":12},"end":{"line":14,"column":60}},{"start":{"line":15,"column":11},"end":{"line":15,"column":57}}]}},"s":{"0":1,"1":1,"2":1,"3":1,"4":2,"5":1,"6":1,"7":0,"8":1,"9":1,"10":1,"11":1,"12":1,"13":1,"14":1},"f":{"0":1,"1":1},"b":{"0":[0,1],"1":[1,1]}}
,"/Users/sagarsodah/sagar/practice/ts/ts-endpoint/src/repositories/stuff.repo.ts": {"path":"/Users/sagarsodah/sagar/practice/ts/ts-endpoint/src/repositories/stuff.repo.ts","statementMap":{"0":{"start":{"line":1,"column":0},"end":{"line":1,"column":48}},"1":{"start":{"line":6,"column":20},"end":{"line":10,"column":2}},"2":{"start":{"line":12,"column":13},"end":{"line":12,"column":76}}},"fnMap":{},"branchMap":{},"s":{"0":1,"1":1,"2":1},"f":{},"b":{}}
,"/Users/sagarsodah/sagar/practice/ts/ts-endpoint/src/services/stuff.service.ts": {"path":"/Users/sagarsodah/sagar/practice/ts/ts-endpoint/src/services/stuff.service.ts","statementMap":{"0":{"start":{"line":1,"column":0},"end":{"line":1,"column":60}},"1":{"start":{"line":2,"column":0},"end":{"line":2,"column":33}},"2":{"start":{"line":3,"column":0},"end":{"line":3,"column":61}},"3":{"start":{"line":7,"column":12},"end":{"line":7,"column":54}},"4":{"start":{"line":10,"column":8},"end":{"line":53,"column":null}},"5":{"start":{"line":11,"column":30},"end":{"line":11,"column":56}},"6":{"start":{"line":12,"column":28},"end":{"line":12,"column":52}},"7":{"start":{"line":13,"column":29},"end":{"line":13,"column":44}},"8":{"start":{"line":14,"column":29},"end":{"line":14,"column":44}},"9":{"start":{"line":16,"column":33},"end":{"line":23,"column":null}},"10":{"start":{"line":24,"column":34},"end":{"line":32,"column":null}},"11":{"start":{"line":34,"column":37},"end":{"line":41,"column":null}},"12":{"start":{"line":43,"column":33},"end":{"line":47,"column":14}},"13":{"start":{"line":49,"column":12},"end":{"line":49,"column":47}},"14":{"start":{"line":49,"column":24},"end":{"line":49,"column":47}},"15":{"start":{"line":50,"column":12},"end":{"line":50,"column":null}},"16":{"start":{"line":52,"column":12},"end":{"line":52,"column":36}},"17":{"start":{"line":57,"column":8},"end":{"line":57,"column":29}},"18":{"start":{"line":58,"column":8},"end":{"line":58,"column":33}},"19":{"start":{"line":59,"column":8},"end":{"line":59,"column":54}},"20":{"start":{"line":59,"column":42},"end":{"line":59,"column":54}},"21":{"start":{"line":60,"column":26},"end":{"line":60,"column":115}},"22":{"start":{"line":61,"column":8},"end":{"line":67,"column":null}},"23":{"start":{"line":62,"column":12},"end":{"line":62,"column":39}},"24":{"start":{"line":63,"column":15},"end":{"line":67,"column":null}},"25":{"start":{"line":64,"column":12},"end":{"line":64,"column":39}},"26":{"start":{"line":66,"column":12},"end":{"line":66,"column":94}},"27":{"start":{"line":6,"column":0},"end":{"line":6,"column":13}}},"fnMap":{"0":{"name":"(anonymous_0)","decl":{"start":{"line":6,"column":0},"end":{"line":6,"column":13}},"loc":{"start":{"line":6,"column":0},"end":{"line":69,"column":1}}},"1":{"name":"(anonymous_1)","decl":{"start":{"line":9,"column":11},"end":{"line":9,"column":16}},"loc":{"start":{"line":9,"column":41},"end":{"line":54,"column":5}}},"2":{"name":"(anonymous_2)","decl":{"start":{"line":56,"column":11},"end":{"line":56,"column":22}},"loc":{"start":{"line":56,"column":33},"end":{"line":68,"column":5}}}},"branchMap":{"0":{"loc":{"start":{"line":49,"column":12},"end":{"line":49,"column":47}},"type":"if","locations":[{"start":{"line":49,"column":12},"end":{"line":49,"column":47}},{"start":{"line":49,"column":12},"end":{"line":49,"column":47}}]},"1":{"loc":{"start":{"line":59,"column":8},"end":{"line":59,"column":54}},"type":"if","locations":[{"start":{"line":59,"column":8},"end":{"line":59,"column":54}},{"start":{"line":59,"column":8},"end":{"line":59,"column":54}}]},"2":{"loc":{"start":{"line":61,"column":8},"end":{"line":67,"column":null}},"type":"if","locations":[{"start":{"line":61,"column":8},"end":{"line":67,"column":null}},{"start":{"line":61,"column":8},"end":{"line":67,"column":null}}]},"3":{"loc":{"start":{"line":61,"column":12},"end":{"line":61,"column":18}},"type":"binary-expr","locations":[{"start":{"line":61,"column":12},"end":{"line":61,"column":18}},{"start":{"line":61,"column":22},"end":{"line":61,"column":48}}]},"4":{"loc":{"start":{"line":63,"column":15},"end":{"line":67,"column":null}},"type":"if","locations":[{"start":{"line":63,"column":15},"end":{"line":67,"column":null}},{"start":{"line":63,"column":15},"end":{"line":67,"column":null}}]},"5":{"loc":{"start":{"line":63,"column":19},"end":{"line":63,"column":46}},"type":"binary-expr","locations":[{"start":{"line":63,"column":19},"end":{"line":63,"column":46}},{"start":{"line":63,"column":50},"end":{"line":63,"column":70}}]}},"s":{"0":1,"1":1,"2":1,"3":1,"4":1,"5":1,"6":1,"7":1,"8":1,"9":1,"10":1,"11":1,"12":1,"13":1,"14":0,"15":1,"16":0,"17":0,"18":0,"19":0,"20":0,"21":0,"22":0,"23":0,"24":0,"25":0,"26":0,"27":1},"f":{"0":1,"1":1,"2":0},"b":{"0":[0,1],"1":[0,0],"2":[0,0],"3":[0,0],"4":[0,0],"5":[0,0]}}
}
