TN:
SF:src/app.ts
FN:26,(anonymous_0)
FN:39,(anonymous_1)
FN:49,(anonymous_2)
FN:64,(anonymous_3)
FN:65,(anonymous_4)
FNF:5
FNH:4
FNDA:1,(anonymous_0)
FNDA:1,(anonymous_1)
FNDA:1,(anonymous_2)
FNDA:1,(anonymous_3)
FNDA:0,(anonymous_4)
DA:1,1
DA:2,1
DA:3,1
DA:4,1
DA:5,1
DA:6,1
DA:7,1
DA:13,1
DA:14,1
DA:16,1
DA:18,1
DA:20,1
DA:24,1
DA:27,1
DA:29,1
DA:30,1
DA:31,1
DA:32,1
DA:34,1
DA:36,1
DA:38,1
DA:39,1
DA:40,1
DA:43,1
DA:45,1
DA:46,1
DA:50,1
DA:51,1
DA:52,1
DA:57,1
DA:59,0
DA:60,0
DA:65,1
DA:66,0
DA:71,0
DA:72,0
DA:77,1
LF:37
LH:32
BRDA:16,0,0,1
BRDA:16,0,1,0
BRDA:67,1,0,0
BRDA:67,1,1,0
BRDA:68,2,0,0
BRDA:68,2,1,0
BRF:6
BRH:1
end_of_record
TN:
SF:src/routes.ts
FN:48,RegisterRoutes
FN:55,StuffController_getStuff
FN:82,isController
FN:86,promiseHandler
FN:88,(anonymous_4)
FN:100,(anonymous_5)
FN:105,returnHandler
FN:109,(anonymous_7)
FN:123,responder
FN:124,(anonymous_9)
FN:131,getValidatedArgs
FN:133,(anonymous_11)
FNF:12
FNH:8
FNDA:1,RegisterRoutes
FNDA:1,StuffController_getStuff
FNDA:1,isController
FNDA:1,promiseHandler
FNDA:1,(anonymous_4)
FNDA:0,(anonymous_5)
FNDA:1,returnHandler
FNDA:0,(anonymous_7)
FNDA:0,responder
FNDA:0,(anonymous_9)
FNDA:1,getValidatedArgs
FNDA:1,(anonymous_11)
DA:4,1
DA:6,1
DA:11,1
DA:44,1
DA:48,1
DA:53,1
DA:56,1
DA:62,1
DA:63,1
DA:64,1
DA:66,0
DA:69,1
DA:72,1
DA:73,1
DA:83,1
DA:87,1
DA:89,1
DA:91,1
DA:92,1
DA:93,1
DA:98,1
DA:100,0
DA:106,1
DA:107,0
DA:109,1
DA:110,0
DA:112,1
DA:113,0
DA:114,1
DA:115,1
DA:117,0
DA:124,0
DA:125,0
DA:132,1
DA:133,1
DA:134,1
DA:135,1
DA:137,0
DA:139,0
DA:141,0
DA:143,0
DA:145,1
DA:147,0
DA:149,0
DA:150,0
DA:151,0
DA:152,0
DA:154,0
DA:157,0
DA:161,1
DA:162,0
DA:164,1
LF:52
LH:32
BRDA:83,0,0,1
BRDA:83,0,1,1
BRDA:83,0,2,1
BRDA:91,1,0,1
BRDA:91,1,1,0
BRDA:93,2,0,1
BRDA:93,2,1,1
BRDA:105,3,0,0
BRDA:106,4,0,0
BRDA:106,4,1,1
BRDA:112,5,0,0
BRDA:112,5,1,1
BRDA:112,6,0,1
BRDA:112,6,1,1
BRDA:112,6,2,0
BRDA:112,6,3,0
BRDA:114,7,0,1
BRDA:114,7,1,0
BRDA:114,8,0,1
BRDA:114,8,1,1
BRDA:115,9,0,1
BRDA:115,9,1,1
BRDA:117,10,0,0
BRDA:117,10,1,0
BRDA:136,11,0,0
BRDA:136,11,1,0
BRDA:136,11,2,0
BRDA:136,11,3,0
BRDA:136,11,4,1
BRDA:136,11,5,0
BRDA:136,11,6,0
BRDA:136,11,7,0
BRDA:149,12,0,0
BRDA:149,12,1,0
BRDA:151,13,0,0
BRDA:151,13,1,0
BRDA:151,14,0,0
BRDA:151,14,1,0
BRDA:161,15,0,0
BRDA:161,15,1,1
BRF:40
BRH:17
end_of_record
TN:
SF:src/utils.ts
FN:5,(anonymous_0)
FN:15,(anonymous_1)
FN:30,(anonymous_2)
FNF:3
FNH:0
FNDA:0,(anonymous_0)
FNDA:0,(anonymous_1)
FNDA:0,(anonymous_2)
DA:1,1
DA:2,0
DA:3,0
DA:6,0
DA:10,1
DA:11,0
DA:12,0
DA:19,0
DA:20,0
DA:24,1
DA:25,0
DA:26,0
DA:31,0
DA:32,0
LF:14
LH:3
BRDA:16,0,0,0
BRF:1
BRH:0
end_of_record
TN:
SF:src/controllers/stuff.ctrl.ts
FN:9,(anonymous_3)
FN:12,(anonymous_4)
FNF:2
FNH:2
FNDA:1,(anonymous_3)
FNDA:1,(anonymous_4)
DA:1,1
DA:2,1
DA:4,1
DA:5,1
DA:9,2
DA:12,1
DA:13,1
DA:14,1
DA:16,0
DA:18,1
DA:19,1
DA:24,1
DA:27,1
LF:13
LH:12
BRDA:14,0,0,0
BRDA:14,0,1,1
BRDA:14,1,0,1
BRDA:14,1,1,1
BRF:4
BRH:3
end_of_record
TN:
SF:src/repositories/stuff.repo.ts
FNF:0
FNH:0
DA:1,1
DA:6,1
DA:12,1
LF:3
LH:3
BRF:0
BRH:0
end_of_record
TN:
SF:src/services/stuff.service.ts
FN:6,(anonymous_0)
FN:9,(anonymous_1)
FN:56,(anonymous_2)
FNF:3
FNH:2
FNDA:1,(anonymous_0)
FNDA:1,(anonymous_1)
FNDA:0,(anonymous_2)
DA:1,1
DA:2,1
DA:3,1
DA:6,1
DA:7,1
DA:10,1
DA:11,1
DA:12,1
DA:13,1
DA:14,1
DA:16,1
DA:24,1
DA:34,1
DA:43,1
DA:49,1
DA:50,1
DA:52,0
DA:57,0
DA:58,0
DA:59,0
DA:60,0
DA:61,0
DA:62,0
DA:63,0
DA:64,0
DA:66,0
LF:26
LH:16
BRDA:49,0,0,0
BRDA:49,0,1,1
BRDA:59,1,0,0
BRDA:59,1,1,0
BRDA:61,2,0,0
BRDA:61,2,1,0
BRDA:61,3,0,0
BRDA:61,3,1,0
BRDA:63,4,0,0
BRDA:63,4,1,0
BRDA:63,5,0,0
BRDA:63,5,1,0
BRF:12
BRH:1
end_of_record
